Arguments: 
  /usr/local/bin/node /Users/marvis/.yarn/bin/yarn.js init

PATH: 
  /Users/marvis/.yarn/bin:/Users/marvis/.config/yarn/global/node_modules/.bin:/usr/local/bin:/usr/bin:/bin:/usr/sbin:/sbin:/Users/marvis/.yarn/bin:/Users/marvis/.config/yarn/global/node_modules/.bin:/Users/marvis/.rvm/bin:/Users/marvis/.rvm/bin

Yarn version: 
  1.13.0

Node version: 
  11.12.0

Platform: 
  darwin x64

Trace: 
  Error: canceled
      at Interface.<anonymous> (/Users/marvis/.yarn/lib/cli.js:125657:13)
      at Interface.emit (events.js:197:13)
      at Interface._ttyWrite (readline.js:820:16)
      at ReadStream.onkeypress (readline.js:184:10)
      at ReadStream.emit (events.js:197:13)
      at emitKeys (internal/readline.js:424:14)
      at emitKeys.next (<anonymous>)
      at ReadStream.onData (readline.js:1093:36)
      at ReadStream.emit (events.js:197:13)
      at addChunk (_stream_readable.js:288:12)

npm manifest: 
  No manifest

yarn manifest: 
  No manifest

Lockfile: 
  No lockfile
